This is pdfTeX, Version 3.141592653-2.6-1.40.24 (MiKTeX 21.12) (preloaded format=pdflatex 2022.11.23)  4 DEC 2022 04:20
entering extended mode
 restricted \write18 enabled.
 %&-line parsing enabled.
**./inzynierka.tex
(inzynierka.tex
LaTeX2e <2021-11-15> patch level 1
L3 programming layer <2021-11-22>
(C:\Users\User\AppData\Local\Programs\MiKTeX\tex/latex/base\article.cls
Document Class: article 2021/10/04 v1.4n Standard LaTeX document class
(C:\Users\User\AppData\Local\Programs\MiKTeX\tex/latex/base\size12.clo
File: size12.clo 2021/10/04 v1.4n Standard LaTeX file (size option)
)
\c@part=\count183
\c@section=\count184
\c@subsection=\count185
\c@subsubsection=\count186
\c@paragraph=\count187
\c@subparagraph=\count188
\c@figure=\count189
\c@table=\count190
\abovecaptionskip=\skip47
\belowcaptionskip=\skip48
\bibindent=\dimen138
)
(C:\Users\User\AppData\Local\Programs\MiKTeX\tex/latex/graphics\graphicx.sty
Package: graphicx 2021/09/16 v1.2d Enhanced LaTeX Graphics (DPC,SPQR)

(C:\Users\User\AppData\Local\Programs\MiKTeX\tex/latex/graphics\keyval.sty
Package: keyval 2014/10/28 v1.15 key=value parser (DPC)
\KV@toks@=\toks16
)
(C:\Users\User\AppData\Local\Programs\MiKTeX\tex/latex/graphics\graphics.sty
Package: graphics 2021/03/04 v1.4d Standard LaTeX Graphics (DPC,SPQR)

(C:\Users\User\AppData\Local\Programs\MiKTeX\tex/latex/graphics\trig.sty
Package: trig 2021/08/11 v1.11 sin cos tan (DPC)
)
(C:\Users\User\AppData\Local\Programs\MiKTeX\tex/latex/graphics-cfg\graphics.cf
g
File: graphics.cfg 2016/06/04 v1.11 sample graphics configuration
)
Package graphics Info: Driver file: pdftex.def on input line 107.

(C:\Users\User\AppData\Local\Programs\MiKTeX\tex/latex/graphics-def\pdftex.def
File: pdftex.def 2020/10/05 v1.2a Graphics/color driver for pdftex
))
\Gin@req@height=\dimen139
\Gin@req@width=\dimen140
) (C:\Users\User\AppData\Local\Programs\MiKTeX\tex/latex/base\inputenc.sty
Package: inputenc 2021/02/14 v1.3d Input encoding file
\inpenc@prehook=\toks17
\inpenc@posthook=\toks18
)
(C:\Users\User\AppData\Local\Programs\MiKTeX\tex/latex/base\fontenc.sty
Package: fontenc 2021/04/29 v2.0v Standard LaTeX package
)
(C:\Users\User\AppData\Local\Programs\MiKTeX\tex/generic/babel\babel.sty
Package: babel 2021/11/29 3.67 The Babel package
\babel@savecnt=\count191
\U@D=\dimen141
\l@unhyphenated=\language79

(C:\Users\User\AppData\Local\Programs\MiKTeX\tex/generic/babel\txtbabel.def)
\bbl@readstream=\read2
\bbl@dirlevel=\count192

*************************************
* Local config file bblopts.cfg used
*
(C:\Users\User\AppData\Local\Programs\MiKTeX\tex/latex/arabi\bblopts.cfg
File: bblopts.cfg 2005/09/08 v0.1 add Arabic and Farsi to "declared" options of
 babel
)
(C:\Users\User\AppData\Local\Programs\MiKTeX\tex/latex/babel-polish\polish.ldf
Language: polish 2022/03/12 1.3 Babel support for Polish
Package babel Info: Making " an active character on input line 101.
)) (C:\Users\User\AppData\Local\Programs\MiKTeX\tex/latex/setspace\setspace.sty
Package: setspace 2011/12/19 v6.7a set line spacing
) (C:\Users\User\AppData\Local\Programs\MiKTeX\tex/latex/tools\layout.sty
Package: layout 2021-03-10 v1.2e Show layout parameters
\oneinch=\count193
\cnt@paperwidth=\count194
\cnt@paperheight=\count195
\cnt@hoffset=\count196
\cnt@voffset=\count197
\cnt@textheight=\count198
\cnt@textwidth=\count199
\cnt@topmargin=\count266
\cnt@oddsidemargin=\count267
\cnt@evensidemargin=\count268
\cnt@headheight=\count269
\cnt@headsep=\count270
\cnt@marginparsep=\count271
\cnt@marginparwidth=\count272
\cnt@marginparpush=\count273
\cnt@footskip=\count274
\fheight=\count275
\ref@top=\count276
\ref@hoffset=\count277
\ref@voffset=\count278
\ref@head=\count279
\ref@body=\count280
\ref@foot=\count281
\ref@margin=\count282
\ref@marginwidth=\count283
\ref@marginpar=\count284
\Interval=\count285
\ExtraYPos=\count286
\PositionX=\count287
\PositionY=\count288
\ArrowLength=\count289
)
(C:\Users\User\AppData\Local\Programs\MiKTeX\tex/latex/titlesec\titlesec.sty
Package: titlesec 2021/07/05 v2.14 Sectioning titles
\ttl@box=\box50
\beforetitleunit=\skip49
\aftertitleunit=\skip50
\ttl@plus=\dimen142
\ttl@minus=\dimen143
\ttl@toksa=\toks19
\titlewidth=\dimen144
\titlewidthlast=\dimen145
\titlewidthfirst=\dimen146
)
(C:\Users\User\AppData\Local\Programs\MiKTeX\tex/latex/float\float.sty
Package: float 2001/11/08 v1.3d Float enhancements (AL)
\c@float@type=\count290
\float@exts=\toks20
\float@box=\box51
\@float@everytoks=\toks21
\@floatcapt=\box52
)
(C:\Users\User\AppData\Local\Programs\MiKTeX\tex/latex/placeins\placeins.sty
Package: placeins 2005/04/18  v 2.2
)
(C:\Users\User\AppData\Local\Programs\MiKTeX\tex/latex/amsmath\amsmath.sty
Package: amsmath 2021/10/15 v2.17l AMS math features
\@mathmargin=\skip51

For additional information on amsmath, use the `?' option.
(C:\Users\User\AppData\Local\Programs\MiKTeX\tex/latex/amsmath\amstext.sty
Package: amstext 2021/08/26 v2.01 AMS text

(C:\Users\User\AppData\Local\Programs\MiKTeX\tex/latex/amsmath\amsgen.sty
File: amsgen.sty 1999/11/30 v2.0 generic functions
\@emptytoks=\toks22
\ex@=\dimen147
))
(C:\Users\User\AppData\Local\Programs\MiKTeX\tex/latex/amsmath\amsbsy.sty
Package: amsbsy 1999/11/29 v1.2d Bold Symbols
\pmbraise@=\dimen148
)
(C:\Users\User\AppData\Local\Programs\MiKTeX\tex/latex/amsmath\amsopn.sty
Package: amsopn 2021/08/26 v2.02 operator names
)
\inf@bad=\count291
LaTeX Info: Redefining \frac on input line 234.
\uproot@=\count292
\leftroot@=\count293
LaTeX Info: Redefining \overline on input line 399.
\classnum@=\count294
\DOTSCASE@=\count295
LaTeX Info: Redefining \ldots on input line 496.
LaTeX Info: Redefining \dots on input line 499.
LaTeX Info: Redefining \cdots on input line 620.
\Mathstrutbox@=\box53
\strutbox@=\box54
\big@size=\dimen149
LaTeX Font Info:    Redeclaring font encoding OML on input line 743.
LaTeX Font Info:    Redeclaring font encoding OMS on input line 744.
\macc@depth=\count296
\c@MaxMatrixCols=\count297
\dotsspace@=\muskip16
\c@parentequation=\count298
\dspbrk@lvl=\count299
\tag@help=\toks23
\row@=\count300
\column@=\count301
\maxfields@=\count302
\andhelp@=\toks24
\eqnshift@=\dimen150
\alignsep@=\dimen151
\tagshift@=\dimen152
\tagwidth@=\dimen153
\totwidth@=\dimen154
\lineht@=\dimen155
\@envbody=\toks25
\multlinegap=\skip52
\multlinetaggap=\skip53
\mathdisplay@stack=\toks26
LaTeX Info: Redefining \[ on input line 2938.
LaTeX Info: Redefining \] on input line 2939.
)
(C:\Users\User\AppData\Local\Programs\MiKTeX\tex/latex/subfig\subfig.sty
Package: subfig 2005/06/28 ver: 1.3 subfig package

(C:\Users\User\AppData\Local\Programs\MiKTeX\tex/latex/caption\caption.sty
Package: caption 2022/03/01 v3.6b Customizing captions (AR)

(C:\Users\User\AppData\Local\Programs\MiKTeX\tex/latex/caption\caption3.sty
Package: caption3 2022/03/17 v2.3b caption3 kernel (AR)
\caption@tempdima=\dimen156
\captionmargin=\dimen157
\caption@leftmargin=\dimen158
\caption@rightmargin=\dimen159
\caption@width=\dimen160
\caption@indent=\dimen161
\caption@parindent=\dimen162
\caption@hangindent=\dimen163
Package caption Info: Standard document class detected.
)
\c@caption@flags=\count303
\c@continuedfloat=\count304
Package caption Info: float package is loaded.
)
\c@KVtest=\count305
\sf@farskip=\skip54
\sf@captopadj=\dimen164
\sf@capskip=\skip55
\sf@nearskip=\skip56
\c@subfigure=\count306
\c@subfigure@save=\count307
\c@lofdepth=\count308
\c@subtable=\count309
\c@subtable@save=\count310
\c@lotdepth=\count311
\sf@top=\skip57
\sf@bottom=\skip58
)
(C:\Users\User\AppData\Local\Programs\MiKTeX\tex/latex/geometry\geometry.sty
Package: geometry 2020/01/02 v5.9 Page Geometry

(C:\Users\User\AppData\Local\Programs\MiKTeX\tex/generic/iftex\ifvtex.sty
Package: ifvtex 2019/10/25 v1.7 ifvtex legacy package. Use iftex instead.

(C:\Users\User\AppData\Local\Programs\MiKTeX\tex/generic/iftex\iftex.sty
Package: iftex 2020/03/06 v1.0d TeX engine tests
))
\Gm@cnth=\count312
\Gm@cntv=\count313
\c@Gm@tempcnt=\count314
\Gm@bindingoffset=\dimen165
\Gm@wd@mp=\dimen166
\Gm@odd@mp=\dimen167
\Gm@even@mp=\dimen168
\Gm@layoutwidth=\dimen169
\Gm@layoutheight=\dimen170
\Gm@layouthoffset=\dimen171
\Gm@layoutvoffset=\dimen172
\Gm@dimlist=\toks27

(C:\Users\User\AppData\Local\Programs\MiKTeX\tex/latex/geometry\geometry.cfg))
(C:\Users\User\AppData\Local\Programs\MiKTeX\tex/latex/l3backend\l3backend-pdft
ex.def
File: l3backend-pdftex.def 2021-10-18 L3 backend support: PDF output (pdfTeX)
\l__color_backend_stack_int=\count315
\l__pdf_internal_box=\box55
) (inzynierka.aux

LaTeX Warning: Label `fig:example' multiply defined.

)
\openout1 = `inzynierka.aux'.

LaTeX Font Info:    Checking defaults for OML/cmm/m/it on input line 29.
LaTeX Font Info:    ... okay on input line 29.
LaTeX Font Info:    Checking defaults for OMS/cmsy/m/n on input line 29.
LaTeX Font Info:    ... okay on input line 29.
LaTeX Font Info:    Checking defaults for OT1/cmr/m/n on input line 29.
LaTeX Font Info:    ... okay on input line 29.
LaTeX Font Info:    Checking defaults for T1/cmr/m/n on input line 29.
LaTeX Font Info:    ... okay on input line 29.
LaTeX Font Info:    Checking defaults for TS1/cmr/m/n on input line 29.
LaTeX Font Info:    ... okay on input line 29.
LaTeX Font Info:    Checking defaults for OMX/cmex/m/n on input line 29.
LaTeX Font Info:    ... okay on input line 29.
LaTeX Font Info:    Checking defaults for U/cmr/m/n on input line 29.
LaTeX Font Info:    ... okay on input line 29.

(C:\Users\User\AppData\Local\Programs\MiKTeX\tex/context/base/mkii\supp-pdf.mki
i
[Loading MPS to PDF converter (version 2006.09.02).]
\scratchcounter=\count316
\scratchdimen=\dimen173
\scratchbox=\box56
\nofMPsegments=\count317
\nofMParguments=\count318
\everyMPshowfont=\toks28
\MPscratchCnt=\count319
\MPscratchDim=\dimen174
\MPnumerator=\count320
\makeMPintoPDFobject=\count321
\everyMPtoPDFconversion=\toks29
)
(C:\Users\User\AppData\Local\Programs\MiKTeX\tex/latex/epstopdf-pkg\epstopdf-ba
se.sty
Package: epstopdf-base 2020-01-24 v2.11 Base part for package epstopdf
Package epstopdf-base Info: Redefining graphics rule for `.eps' on input line 4
85.

(C:\Users\User\AppData\Local\Programs\MiKTeX\tex/latex/00miktex\epstopdf-sys.cf
g
File: epstopdf-sys.cfg 2021/03/18 v2.0 Configuration of epstopdf for MiKTeX
))
Package caption Info: Begin \AtBeginDocument code.
Package caption Info: subfig package v1.3 is loaded.
Package caption Info: End \AtBeginDocument code.

*geometry* driver: auto-detecting
*geometry* detected driver: pdftex
*geometry* verbose mode - [ preamble ] result:
* driver: pdftex
* paper: a4paper
* layout: <same size as paper>
* layoutoffset:(h,v)=(0.0pt,0.0pt)
* modes: 
* h-part:(L,W,R)=(99.58464pt, 426.79135pt, 71.13188pt)
* v-part:(T,H,B)=(71.13188pt, 702.78308pt, 71.13188pt)
* \paperwidth=597.50787pt
* \paperheight=845.04684pt
* \textwidth=426.79135pt
* \textheight=702.78308pt
* \oddsidemargin=27.31465pt
* \evensidemargin=27.31465pt
* \topmargin=-38.1381pt
* \headheight=12.0pt
* \headsep=25.0pt
* \topskip=12.0pt
* \footskip=30.0pt
* \marginparwidth=35.0pt
* \marginparsep=10.0pt
* \columnsep=10.0pt
* \skip\footins=10.8pt plus 4.0pt minus 2.0pt
* \hoffset=0.0pt
* \voffset=0.0pt
* \mag=1000
* \@twocolumnfalse
* \@twosidefalse
* \@mparswitchfalse
* \@reversemarginfalse
* (1in=72.27pt=25.4mm, 1cm=28.453pt)

[1

{C:/Users/User/AppData/Local/MiKTeX/fonts/map/pdftex/pdftex.map}]
(inzynierka.toc)
\tf@toc=\write3
\openout3 = `inzynierka.toc'.

 [2] [3] [4]
<images//budowa1.jpg, id=20, 455.301pt x 209.583pt>
File: images//budowa1.jpg Graphic file (type jpg)
<use images//budowa1.jpg>
Package pdftex.def Info: images//budowa1.jpg  used on input line 73.
(pdftex.def)             Requested size: 426.79135pt x 196.46437pt.
<images//xflr.png, id=21, 1284.8pt x 710.655pt>
File: images//xflr.png Graphic file (type png)
<use images//xflr.png>
Package pdftex.def Info: images//xflr.png  used on input line 79.
(pdftex.def)             Requested size: 426.79135pt x 236.06752pt.
<images//fx60.png, id=22, 417.05812pt x 69.76062pt>
File: images//fx60.png Graphic file (type png)
<use images//fx60.png>
Package pdftex.def Info: images//fx60.png  used on input line 85.
(pdftex.def)             Requested size: 426.79135pt x 71.39224pt.
<images//naca0008.png, id=24, 417.56pt x 56.21pt>
File: images//naca0008.png Graphic file (type png)
<use images//naca0008.png>
Package pdftex.def Info: images//naca0008.png  used on input line 91.
(pdftex.def)             Requested size: 426.79135pt x 57.45607pt.
<images//budowa5.jpg, id=25, 1565.85pt x 720.6925pt>
File: images//budowa5.jpg Graphic file (type jpg)
<use images//budowa5.jpg>
Package pdftex.def Info: images//budowa5.jpg  used on input line 98.
(pdftex.def)             Requested size: 426.79135pt x 196.42606pt.
 [5 <./images//budowa1.jpg>]
<images//okablowany.png, id=30, 643.40375pt x 273.02pt>
File: images//okablowany.png Graphic file (type png)
<use images//okablowany.png>
Package pdftex.def Info: images//okablowany.png  used on input line 105.
(pdftex.def)             Requested size: 426.79135pt x 181.11026pt.
<images//budowa7.jpg, id=31, 1565.85pt x 720.6925pt>
File: images//budowa7.jpg Graphic file (type jpg)
<use images//budowa7.jpg>
Package pdftex.def Info: images//budowa7.jpg  used on input line 111.
(pdftex.def)             Requested size: 426.79135pt x 196.42606pt.
 [6 <./images//xflr.png> <./images//fx60.png> <./images//naca0008.png>] [7 <./i
mages//budowa5.jpg> <./images//okablowany.png>]
<images//budowa9.jpg, id=42, 1565.85pt x 720.6925pt>
File: images//budowa9.jpg Graphic file (type jpg)
<use images//budowa9.jpg>
Package pdftex.def Info: images//budowa9.jpg  used on input line 119.
(pdftex.def)             Requested size: 426.79135pt x 196.42606pt.
<images//budowa12.jpg, id=43, 1565.85pt x 720.6925pt>
File: images//budowa12.jpg Graphic file (type jpg)
<use images//budowa12.jpg>
Package pdftex.def Info: images//budowa12.jpg  used on input line 129.
(pdftex.def)             Requested size: 426.79135pt x 196.42606pt.
<images//budowa13.jpg, id=44, 1565.85pt x 720.6925pt>
File: images//budowa13.jpg Graphic file (type jpg)
<use images//budowa13.jpg>
Package pdftex.def Info: images//budowa13.jpg  used on input line 137.
(pdftex.def)             Requested size: 426.79135pt x 196.42606pt.
 [8 <./images//budowa7.jpg>]
<images//caly.png, id=48, 548.54938pt x 307.64937pt>
File: images//caly.png Graphic file (type png)
<use images//caly.png>
Package pdftex.def Info: images//caly.png  used on input line 144.
(pdftex.def)             Requested size: 426.79135pt x 239.36935pt.
<images//budowa16.jpg, id=49, 1191.45125pt x 893.3375pt>
File: images//budowa16.jpg Graphic file (type jpg)
<use images//budowa16.jpg>
Package pdftex.def Info: images//budowa16.jpg  used on input line 149.
(pdftex.def)             Requested size: 426.79135pt x 320.0064pt.
 [9 <./images//budowa9.jpg> <./images//budowa12.jpg>] [10 <./images//budowa13.j
pg>] [11 <./images//caly.png> <./images//budowa16.jpg>] [12

]
<images//leweprzetarte.jpg, id=66, 843.15pt x 632.3625pt>
File: images//leweprzetarte.jpg Graphic file (type jpg)
<use images//leweprzetarte.jpg>
Package pdftex.def Info: images//leweprzetarte.jpg  used on input line 168.
(pdftex.def)             Requested size: 192.0548pt x 144.0412pt.
<images//praweprzetarte.jpg, id=67, 843.15pt x 632.3625pt>
File: images//praweprzetarte.jpg Graphic file (type jpg)
<use images//praweprzetarte.jpg>
Package pdftex.def Info: images//praweprzetarte.jpg  used on input line 170.
(pdftex.def)             Requested size: 192.0548pt x 144.0412pt.

Overfull \hbox (3.6777pt too wide) in paragraph at lines 177--178
[]\T1/cmr/m/n/12 Dodatkowym eks-pe-ry-men-tem prze-pro-wa-dzo-nym pod-czas ba-d
a« byªo tak»e spraw-
 []

[13 <./images//leweprzetarte.jpg> <./images//praweprzetarte.jpg>]
<images//porownanie1.jpg, id=73, 843.15pt x 632.3625pt>
File: images//porownanie1.jpg Graphic file (type jpg)
<use images//porownanie1.jpg>
Package pdftex.def Info: images//porownanie1.jpg  used on input line 181.
(pdftex.def)             Requested size: 192.0548pt x 144.0412pt.
<images//porownanie2.jpg, id=74, 843.15pt x 632.3625pt>
File: images//porownanie2.jpg Graphic file (type jpg)
<use images//porownanie2.jpg>
Package pdftex.def Info: images//porownanie2.jpg  used on input line 183.
(pdftex.def)             Requested size: 192.0548pt x 144.0412pt.
 [14 <./images//porownanie1.jpg> <./images//porownanie2.jpg>]
<images//plytkastara.png, id=78, 606.76688pt x 336.25626pt>
File: images//plytkastara.png Graphic file (type png)
<use images//plytkastara.png>
Package pdftex.def Info: images//plytkastara.png  used on input line 207.
(pdftex.def)             Requested size: 426.79135pt x 236.52194pt.
<images//pcb.png, id=79, 607.26875pt x 350.81062pt>
File: images//pcb.png Graphic file (type png)
<use images//pcb.png>
Package pdftex.def Info: images//pcb.png  used on input line 213.
(pdftex.def)             Requested size: 426.79135pt x 246.55605pt.
<images//kontorolerstary.png, id=80, 516.42938pt x 241.40187pt>
File: images//kontorolerstary.png Graphic file (type png)
<use images//kontorolerstary.png>
Package pdftex.def Info: images//kontorolerstary.png  used on input line 219.
(pdftex.def)             Requested size: 426.79135pt x 199.50893pt.
<images//alti.jpg, id=81, 1445.4pt x 632.3625pt>
File: images//alti.jpg Graphic file (type jpg)
<use images//alti.jpg>
Package pdftex.def Info: images//alti.jpg  used on input line 225.
(pdftex.def)             Requested size: 426.79135pt x 186.719pt.
<images//dodokontroler.jpg, id=82, 1565.85pt x 720.6925pt>
File: images//dodokontroler.jpg Graphic file (type jpg)
<use images//dodokontroler.jpg>
Package pdftex.def Info: images//dodokontroler.jpg  used on input line 231.
(pdftex.def)             Requested size: 426.79135pt x 196.42606pt.
 [15] [16 <./images//plytkastara.png>] [17 <./images//pcb.png>] [18 <./images//
kontorolerstary.png> <./images//alti.jpg>] [19 <./images//dodokontroler.jpg>]
<images//diagramy.png, id=102, 597.11606pt x 513.39345pt>
File: images//diagramy.png Graphic file (type png)
<use images//diagramy.png>
Package pdftex.def Info: images//diagramy.png  used on input line 250.
(pdftex.def)             Requested size: 426.79135pt x 366.95601pt.
 [20

 <./images//diagramy.png>]
[21]
<images//nextwaypoint.png, id=112, 1927.2pt x 1084.05pt>
File: images//nextwaypoint.png Graphic file (type png)
<use images//nextwaypoint.png>
Package pdftex.def Info: images//nextwaypoint.png  used on input line 295.
(pdftex.def)             Requested size: 426.79135pt x 240.06316pt.
 [22] [23 <./images//nextwaypoint.png>]
<images//angles.png, id=123, 1927.2pt x 1084.05pt>
File: images//angles.png Graphic file (type png)
<use images//angles.png>
Package pdftex.def Info: images//angles.png  used on input line 318.
(pdftex.def)             Requested size: 426.79135pt x 240.06316pt.
 [24 <./images//angles.png>]
<images//stacjaodbiorcza.jpg, id=128, 1565.85pt x 720.6925pt>
File: images//stacjaodbiorcza.jpg Graphic file (type jpg)
<use images//stacjaodbiorcza.jpg>
Package pdftex.def Info: images//stacjaodbiorcza.jpg  used on input line 342.
(pdftex.def)             Requested size: 426.79135pt x 196.42606pt.
<images//diagram_env.png, id=129, 1286.30562pt x 334.75063pt>
File: images//diagram_env.png Graphic file (type png)
<use images//diagram_env.png>
Package pdftex.def Info: images//diagram_env.png  used on input line 349.
(pdftex.def)             Requested size: 426.79135pt x 111.07077pt.

[25 <./images//stacjaodbiorcza.jpg>] [26 <./images//diagram_env.png>]
<images//starysystem.png, id=138, 955.06813pt x 343.78438pt>
File: images//starysystem.png Graphic file (type png)
<use images//starysystem.png>
Package pdftex.def Info: images//starysystem.png  used on input line 380.
(pdftex.def)             Requested size: 426.79135pt x 153.62616pt.
<images//weball.png, id=139, 963.6pt x 472.76625pt>
File: images//weball.png Graphic file (type png)
<use images//weball.png>
Package pdftex.def Info: images//weball.png  used on input line 390.
(pdftex.def)             Requested size: 426.79135pt x 209.38841pt.
 [27 <./images//starysystem.png>] [28 <./images//weball.png>]
<images//przedlotem.png, id=148, 962.59625pt x 471.7625pt>
File: images//przedlotem.png Graphic file (type png)
<use images//przedlotem.png>
Package pdftex.def Info: images//przedlotem.png  used on input line 409.
(pdftex.def)             Requested size: 426.79135pt x 209.167pt.
<images//podczaslotu.png, id=149, 962.59625pt x 471.26062pt>
File: images//podczaslotu.png Graphic file (type png)
<use images//podczaslotu.png>
Package pdftex.def Info: images//podczaslotu.png  used on input line 415.
(pdftex.def)             Requested size: 426.79135pt x 208.94449pt.
<images//polocie.png, id=150, 963.6pt x 470.25688pt>
File: images//polocie.png Graphic file (type png)
<use images//polocie.png>
Package pdftex.def Info: images//polocie.png  used on input line 421.
(pdftex.def)             Requested size: 426.79135pt x 208.27702pt.
 [29 <./images//przedlotem.png> <./images//podczaslotu.png>]
Overfull \hbox (9.45116pt too wide) in paragraph at lines 429--430
[]\T1/cmr/m/n/12 Strona "Wi-zu-ali-za-cja"jest jedn¡ z naj-istot-niej-szych za-
kªa-dek po-zwa-la-j¡-cych spraw-
 []

<images//wizualizacja.png, id=156, 830.10126pt x 260.47313pt>
File: images//wizualizacja.png Graphic file (type png)
<use images//wizualizacja.png>
Package pdftex.def Info: images//wizualizacja.png  used on input line 433.
(pdftex.def)             Requested size: 426.79135pt x 133.9206pt.
[30 <./images//polocie.png> <./images//wizualizacja.png>]
<images//mapa.png, id=162, 441.65pt x 259.46938pt>
File: images//mapa.png Graphic file (type png)
<use images//mapa.png>
Package pdftex.def Info: images//mapa.png  used on input line 443.
(pdftex.def)             Requested size: 426.79135pt x 250.75061pt.
<images//konsola.png, id=163, 537.50812pt x 272.51813pt>
File: images//konsola.png Graphic file (type png)
<use images//konsola.png>
Package pdftex.def Info: images//konsola.png  used on input line 454.
(pdftex.def)             Requested size: 426.79135pt x 216.38474pt.
 [31 <./images//mapa.png>]
<images//config.png, id=169, 833.1125pt x 363.3575pt>
File: images//config.png Graphic file (type png)
<use images//config.png>
Package pdftex.def Info: images//config.png  used on input line 464.
(pdftex.def)             Requested size: 426.79135pt x 186.14153pt.
 [32 <./images//konsola.png> <./images//config.png>]
<images//settings.png, id=174, 356.83313pt x 136.00812pt>
File: images//settings.png Graphic file (type png)
<use images//settings.png>
Package pdftex.def Info: images//settings.png  used on input line 474.
(pdftex.def)             Requested size: 426.79135pt x 162.6818pt.
<images//player.png, id=175, 556.0775pt x 168.63pt>
File: images//player.png Graphic file (type png)
<use images//player.png>
Package pdftex.def Info: images//player.png  used on input line 485.
(pdftex.def)             Requested size: 426.79135pt x 129.42607pt.
 [33 <./images//settings.png> <./images//player.png>]
<images//kacperlata.jpg, id=181, 1565.85pt x 720.6925pt>
File: images//kacperlata.jpg Graphic file (type jpg)
<use images//kacperlata.jpg>
Package pdftex.def Info: images//kacperlata.jpg  used on input line 501.
(pdftex.def)             Requested size: 426.79135pt x 196.42606pt.
 [34]
<images//siec.png, id=185, 597.11606pt x 671.36066pt>
File: images//siec.png Graphic file (type png)
<use images//siec.png>
Package pdftex.def Info: images//siec.png  used on input line 511.
(pdftex.def)             Requested size: 426.79135pt x 479.86557pt.
 [35 <./images//kacperlata.jpg>]
<images//tfloss.png, id=189, 735.7086pt x 346.896pt>
File: images//tfloss.png Graphic file (type png)
<use images//tfloss.png>
Package pdftex.def Info: images//tfloss.png  used on input line 522.
(pdftex.def)             Requested size: 426.79135pt x 201.24216pt.
 [36 <./images//siec.png>] [37 <./images//tfloss.png>] [38] [39] (inzynierka.au
x)

LaTeX Warning: There were multiply-defined labels.

 ) 
Here is how much of TeX's memory you used:
 6340 strings out of 478659
 108750 string characters out of 2846393
 425529 words of memory out of 3000000
 24382 multiletter control sequences out of 15000+600000
 416234 words of font info for 55 fonts, out of 8000000 for 9000
 1141 hyphenation exceptions out of 8191
 69i,14n,79p,2737b,403s stack positions out of 5000i,500n,10000p,200000b,80000s
 <C:\Users\User\AppData\Local\MiKTeX\fonts/pk/ljfour/jknappen/ec/dpi600\ecrm1
000.pk> <C:\Users\User\AppData\Local\MiKTeX\fonts/pk/ljfour/jknappen/ec/dpi600\
tcrm1200.pk> <C:\Users\User\AppData\Local\MiKTeX\fonts/pk/ljfour/jknappen/ec/dp
i600\ecbx1440.pk> <C:\Users\User\AppData\Local\MiKTeX\fonts/pk/ljfour/jknappen/
ec/dpi600\ecbx1200.pk> <C:\Users\User\AppData\Local\MiKTeX\fonts/pk/ljfour/jkna
ppen/ec/dpi600\ecbx1728.pk> <C:\Users\User\AppData\Local\MiKTeX\fonts/pk/ljfour
/jknappen/ec/dpi600\ecrm1200.pk> <C:\Users\User\AppData\Local\MiKTeX\fonts/pk/l
jfour/jknappen/ec/dpi600\ecrm1440.pk> <C:\Users\User\AppData\Local\MiKTeX\fonts
/pk/ljfour/jknappen/ec/dpi600\ecrm2074.pk><C:/Users/User/AppData/Local/Programs
/MiKTeX/fonts/type1/public/amsfonts/cm/cmex10.pfb><C:/Users/User/AppData/Local/
Programs/MiKTeX/fonts/type1/public/amsfonts/cm/cmmi12.pfb><C:/Users/User/AppDat
a/Local/Programs/MiKTeX/fonts/type1/public/amsfonts/cm/cmmi8.pfb><C:/Users/User
/AppData/Local/Programs/MiKTeX/fonts/type1/public/amsfonts/cm/cmr12.pfb><C:/Use
rs/User/AppData/Local/Programs/MiKTeX/fonts/type1/public/amsfonts/cm/cmr6.pfb><
C:/Users/User/AppData/Local/Programs/MiKTeX/fonts/type1/public/amsfonts/cm/cmr8
.pfb><C:/Users/User/AppData/Local/Programs/MiKTeX/fonts/type1/public/amsfonts/c
m/cmsy10.pfb><C:/Users/User/AppData/Local/Programs/MiKTeX/fonts/type1/public/am
sfonts/cm/cmsy8.pfb>
Output written on inzynierka.pdf (39 pages, 11239861 bytes).
PDF statistics:
 522 PDF objects out of 1000 (max. 8388607)
 0 named destinations out of 1000 (max. 500000)
 201 words of extra memory for PDF output out of 10000 (max. 10000000)

